<?xml version="1.0" encoding="UTF-8"?>
<testng-results ignored="0" total="4" passed="3" failed="1" skipped="0">
  <reporter-output>
  </reporter-output>
  <suite started-at="2021-09-29T15:44:05 IST" name="Suite" finished-at="2021-09-29T15:45:58 IST" duration-ms="112913">
    <groups>
    </groups>
    <test started-at="2021-09-29T15:44:05 IST" name="Test" finished-at="2021-09-29T15:45:58 IST" duration-ms="112913">
      <class name="Testing.MAven2.Homepage1">
        <test-method is-config="true" signature="navigation()[pri:0, instance:Testing.MAven2.Homepage1@4189d70b]" started-at="2021-09-29T15:44:06 IST" name="navigation" finished-at="2021-09-29T15:44:27 IST" duration-ms="21443" status="PASS">
          <reporter-output>
          </reporter-output>
        </test-method> <!-- navigation -->
        <test-method signature="TC001Login(java.lang.String,java.lang.String)[pri:0, instance:Testing.MAven2.Homepage1@4189d70b]" started-at="2021-09-29T15:44:27 IST" name="TC001Login" data-provider="getData" finished-at="2021-09-29T15:44:54 IST" duration-ms="27460" status="PASS">
          <params>
            <param index="0">
              <value>
                <![CDATA[Admin]]>
              </value>
            </param>
            <param index="1">
              <value>
                <![CDATA[admin123]]>
              </value>
            </param>
          </params>
          <reporter-output>
          </reporter-output>
        </test-method> <!-- TC001Login -->
        <test-method is-config="true" signature="close()[pri:0, instance:Testing.MAven2.Homepage1@4189d70b]" started-at="2021-09-29T15:44:54 IST" name="close" finished-at="2021-09-29T15:44:55 IST" duration-ms="833" status="PASS">
          <reporter-output>
          </reporter-output>
        </test-method> <!-- close -->
        <test-method is-config="true" signature="navigation()[pri:0, instance:Testing.MAven2.Homepage1@4189d70b]" started-at="2021-09-29T15:44:55 IST" name="navigation" finished-at="2021-09-29T15:45:13 IST" duration-ms="17968" status="PASS">
          <reporter-output>
          </reporter-output>
        </test-method> <!-- navigation -->
        <test-method signature="TC001Login(java.lang.String,java.lang.String)[pri:0, instance:Testing.MAven2.Homepage1@4189d70b]" started-at="2021-09-29T15:45:13 IST" name="TC001Login" data-provider="getData" finished-at="2021-09-29T15:45:19 IST" duration-ms="5364" status="PASS">
          <params>
            <param index="0">
              <value>
                <![CDATA[nareshit]]>
              </value>
            </param>
            <param index="1">
              <value>
                <![CDATA[nareshit]]>
              </value>
            </param>
          </params>
          <reporter-output>
          </reporter-output>
        </test-method> <!-- TC001Login -->
        <test-method is-config="true" signature="close()[pri:0, instance:Testing.MAven2.Homepage1@4189d70b]" started-at="2021-09-29T15:45:19 IST" name="close" finished-at="2021-09-29T15:45:19 IST" duration-ms="765" status="PASS">
          <reporter-output>
          </reporter-output>
        </test-method> <!-- close -->
        <test-method is-config="true" signature="navigation()[pri:0, instance:Testing.MAven2.Homepage1@4189d70b]" started-at="2021-09-29T15:45:19 IST" name="navigation" finished-at="2021-09-29T15:45:34 IST" duration-ms="14725" status="PASS">
          <reporter-output>
          </reporter-output>
        </test-method> <!-- navigation -->
        <test-method signature="TC001Login(java.lang.String,java.lang.String)[pri:0, instance:Testing.MAven2.Homepage1@4189d70b]" started-at="2021-09-29T15:45:34 IST" name="TC001Login" data-provider="getData" finished-at="2021-09-29T15:45:38 IST" duration-ms="3453" status="PASS">
          <params>
            <param index="0">
              <value>
                <![CDATA[Admin]]>
              </value>
            </param>
            <param index="1">
              <value>
                <![CDATA[]]>
              </value>
            </param>
          </params>
          <reporter-output>
          </reporter-output>
        </test-method> <!-- TC001Login -->
        <test-method is-config="true" signature="close()[pri:0, instance:Testing.MAven2.Homepage1@4189d70b]" started-at="2021-09-29T15:45:38 IST" name="close" finished-at="2021-09-29T15:45:38 IST" duration-ms="841" status="PASS">
          <reporter-output>
          </reporter-output>
        </test-method> <!-- close -->
        <test-method is-config="true" signature="navigation()[pri:0, instance:Testing.MAven2.Homepage1@4189d70b]" started-at="2021-09-29T15:45:38 IST" name="navigation" finished-at="2021-09-29T15:45:54 IST" duration-ms="15685" status="PASS">
          <reporter-output>
          </reporter-output>
        </test-method> <!-- navigation -->
        <test-method signature="TC001Login(java.lang.String,java.lang.String)[pri:0, instance:Testing.MAven2.Homepage1@4189d70b]" started-at="2021-09-29T15:45:54 IST" name="TC001Login" data-provider="getData" finished-at="2021-09-29T15:45:58 IST" duration-ms="3489" status="FAIL">
          <params>
            <param index="0">
              <value>
                <![CDATA[]]>
              </value>
            </param>
            <param index="1">
              <value>
                <![CDATA[nareshit]]>
              </value>
            </param>
          </params>
          <exception class="java.lang.AssertionError">
            <message>
              <![CDATA[expected [true] but found [false]]]>
            </message>
            <full-stacktrace>
              <![CDATA[java.lang.AssertionError: expected [true] but found [false]
at org.testng.Assert.fail(Assert.java:99)
at org.testng.Assert.failNotEquals(Assert.java:1037)
at org.testng.Assert.assertTrue(Assert.java:45)
at org.testng.Assert.assertTrue(Assert.java:55)
at Testing.MAven2.Homepage1.TC001Login(Homepage1.java:66)
at java.base/jdk.internal.reflect.NativeMethodAccessorImpl.invoke0(Native Method)
at java.base/jdk.internal.reflect.NativeMethodAccessorImpl.invoke(NativeMethodAccessorImpl.java:62)
at java.base/jdk.internal.reflect.DelegatingMethodAccessorImpl.invoke(DelegatingMethodAccessorImpl.java:43)
at java.base/java.lang.reflect.Method.invoke(Method.java:566)
at org.testng.internal.MethodInvocationHelper.invokeMethod(MethodInvocationHelper.java:133)
at org.testng.internal.TestInvoker.invokeMethod(TestInvoker.java:598)
at org.testng.internal.TestInvoker.invokeTestMethod(TestInvoker.java:173)
at org.testng.internal.MethodRunner.runInSequence(MethodRunner.java:46)
at org.testng.internal.TestInvoker$MethodInvocationAgent.invoke(TestInvoker.java:824)
at org.testng.internal.TestInvoker.invokeTestMethods(TestInvoker.java:146)
at org.testng.internal.TestMethodWorker.invokeTestMethods(TestMethodWorker.java:146)
at org.testng.internal.TestMethodWorker.run(TestMethodWorker.java:128)
at java.base/java.util.ArrayList.forEach(ArrayList.java:1541)
at org.testng.TestRunner.privateRun(TestRunner.java:794)
at org.testng.TestRunner.run(TestRunner.java:596)
at org.testng.SuiteRunner.runTest(SuiteRunner.java:377)
at org.testng.SuiteRunner.access$000(SuiteRunner.java:28)
at org.testng.SuiteRunner$SuiteWorker.run(SuiteRunner.java:418)
at org.testng.internal.thread.ThreadUtil.lambda$execute$0(ThreadUtil.java:64)
at java.base/java.util.concurrent.FutureTask.run(FutureTask.java:264)
at java.base/java.util.concurrent.ThreadPoolExecutor.runWorker(ThreadPoolExecutor.java:1128)
at java.base/java.util.concurrent.ThreadPoolExecutor$Worker.run(ThreadPoolExecutor.java:628)
at java.base/java.lang.Thread.run(Thread.java:834)
]]>
            </full-stacktrace>
          </exception> <!-- java.lang.AssertionError -->
          <reporter-output>
          </reporter-output>
        </test-method> <!-- TC001Login -->
        <test-method is-config="true" signature="close()[pri:0, instance:Testing.MAven2.Homepage1@4189d70b]" started-at="2021-09-29T15:45:58 IST" name="close" finished-at="2021-09-29T15:45:58 IST" duration-ms="819" status="PASS">
          <reporter-output>
          </reporter-output>
        </test-method> <!-- close -->
      </class> <!-- Testing.MAven2.Homepage1 -->
    </test> <!-- Test -->
  </suite> <!-- Suite -->
</testng-results>
